rman_validate_v2.sh
rman_full_back.sh
rman_back.sh
log/prodb1_validate_2021-04-01.log
log/prodb1_validate_2021-03-31.log
log/prodb1_validate_2021-03-30.log
log/prodb1_validate_2021-03-29.log
log/prodb1_validate_2021-03-28.log
log/prodb1_validate_2021-03-27.log
log/prodb1_validate_2021-03-26.log
log/prodb1_validate_2021-03-25.log
log/prodb1_validate_2021-03-24.log
log/prodb1_validate_2021-03-23.log
log/prodb1_validate_2021-03-22.log
log/prodb1_validate_2021-03-21.log
log/prodb1_validate_2021-03-20.log
log/prodb1_maintenance_2021-03-26.log
log/prodb1_maintenance_2021-03-19.log
log/prodb1_level1_2021-04-01.log
log/prodb1_level1_2021-03-31.log
log/prodb1_level1_2021-03-30.log
log/prodb1_level1_2021-03-29.log
log/prodb1_level1_2021-03-28.log
log/prodb1_level1_2021-03-27.log
log/prodb1_level1_2021-03-25.log
log/prodb1_level1_2021-03-24.log
log/prodb1_level1_2021-03-23.log
log/prodb1_level1_2021-03-22.log
log/prodb1_level1_2021-03-21.log
log/prodb1_level1_2021-03-20.log
log/prodb1_level0_2021-03-26.log
log/prodb1_level0_2021-03-19.log
expdp_prodb1_and_del_yesterday.sh
expdp_prodb1_and_del_older_6_days_new.sh
expdp/expdp_prodb1_20210402040002.log
expdp/expdp_prodb1_20210402040002_03.dmp
expdp/expdp_prodb1_20210402040002_02.dmp
expdp/expdp_prodb1_20210402040002_01.dmp
expdp/expdp_prodb1_20210401040002.log
expdp/expdp_prodb1_20210401040002_03.dmp
expdp/expdp_prodb1_20210401040002_02.dmp
expdp/expdp_prodb1_20210401040002_01.dmp
expdp/expdp_prodb1_20210331040001.log
expdp/expdp_prodb1_20210331040001_03.dmp
expdp/expdp_prodb1_20210331040001_02.dmp
expdp/expdp_prodb1_20210331040001_01.dmp
expdp/expdp_prodb1_20210330040002.log
expdp/expdp_prodb1_20210330040002_03.dmp
expdp/expdp_prodb1_20210330040002_02.dmp
expdp/expdp_prodb1_20210330040002_01.dmp
expdp/expdp_prodb1_20210329040001.log
expdp/expdp_prodb1_20210329040001_03.dmp
expdp/expdp_prodb1_20210329040001_02.dmp
expdp/expdp_prodb1_20210329040001_01.dmp
expdp/expdp_prodb1_20210328040001.log
expdp/expdp_prodb1_20210328040001_03.dmp
expdp/expdp_prodb1_20210328040001_02.dmp
expdp/expdp_prodb1_20210328040001_01.dmp
expdp/expdp_prodb1_20210327040001.log
expdp/expdp_prodb1_20210327040001_03.dmp
expdp/expdp_prodb1_20210327040001_02.dmp
expdp/expdp_prodb1_20210327040001_01.dmp
expdp/expdp_prodb1_20210326040001.log
expdp/expdp_prodb1_20210326040001_03.dmp
expdp/expdp_prodb1_20210326040001_02.dmp
expdp/expdp_prodb1_20210326040001_01.dmp
expdp/expdp_prodb1_20210323040002.log
expdp/expdp_prodb1_20210323040002_03.dmp
expdp/expdp_prodb1_20210323040002_02.dmp
expdp/expdp_prodb1_20210323040002_01.dmp
controlfile/c-298590189-20210401-00
controlfile/c-298590189-20210331-00
controlfile/c-298590189-20210330-00
controlfile/c-298590189-20210329-00
controlfile/c-298590189-20210328-00
controlfile/c-298590189-20210327-01
controlfile/c-298590189-20210327-00
controlfile/c-298590189-20201222-01
controlfile/c-298590189-20201218-01
2021-04-01/level1_PRODB1_3619_1_h3vr81lm.bak
2021-04-01/level1_PRODB1_3618_1_h2vr81ki.bak
2021-04-01/level1_PRODB1_3617_1_h1vr81ki.bak
2021-04-01/level1_PRODB1_3616_1_h0vr81ki.bak
2021-04-01/level1_PRODB1_3615_1_gvvr81ki.bak
2021-04-01/archivelog_PRODB1_3620_1_h4vr81mj.bak
2021-04-01/archivelog_PRODB1_3614_1_guvr81fd.bak
2021-04-01/archivelog_PRODB1_3613_1_gtvr81fd.bak
2021-04-01/archivelog_PRODB1_3612_1_gsvr81fd.bak
2021-04-01/archivelog_PRODB1_3611_1_grvr81fd.bak
2021-03-31/level1_PRODB1_3608_1_govr5da3.bak
2021-03-31/level1_PRODB1_3607_1_gnvr5d81.bak
2021-03-31/level1_PRODB1_3606_1_gmvr5d81.bak
2021-03-31/level1_PRODB1_3605_1_glvr5d81.bak
2021-03-31/level1_PRODB1_3604_1_gkvr5d81.bak
2021-03-31/archivelog_PRODB1_3609_1_gpvr5dcf.bak
2021-03-31/archivelog_PRODB1_3603_1_gjvr5d3i.bak
2021-03-31/archivelog_PRODB1_3602_1_givr5d3i.bak
2021-03-31/archivelog_PRODB1_3601_1_ghvr5d3i.bak
2021-03-31/archivelog_PRODB1_3600_1_ggvr5d3i.bak
2021-03-30/level1_PRODB1_3597_1_gdvr2ou1.bak
2021-03-30/level1_PRODB1_3596_1_gcvr2os9.bak
2021-03-30/level1_PRODB1_3595_1_gbvr2os9.bak
2021-03-30/level1_PRODB1_3594_1_gavr2os9.bak
2021-03-30/level1_PRODB1_3593_1_g9vr2os9.bak
2021-03-30/archivelog_PRODB1_3598_1_gevr2ouh.bak
2021-03-30/archivelog_PRODB1_3592_1_g8vr2ong.bak
2021-03-30/archivelog_PRODB1_3591_1_g7vr2onf.bak
2021-03-30/archivelog_PRODB1_3590_1_g6vr2onf.bak
2021-03-30/archivelog_PRODB1_3589_1_g5vr2onf.bak
2021-03-29/level1_PRODB1_3586_1_g2vr04hc.bak
2021-03-29/level1_PRODB1_3585_1_g1vr04f1.bak
2021-03-29/level1_PRODB1_3584_1_g0vr04f0.bak
2021-03-29/level1_PRODB1_3583_1_fvvr04f0.bak
2021-03-29/level1_PRODB1_3582_1_fuvr04f0.bak
2021-03-29/archivelog_PRODB1_3587_1_g3vr04hf.bak
2021-03-29/archivelog_PRODB1_3581_1_ftvr04be.bak
2021-03-29/archivelog_PRODB1_3580_1_fsvr04be.bak
2021-03-29/archivelog_PRODB1_3579_1_frvr04be.bak
2021-03-29/archivelog_PRODB1_3578_1_fqvr04be.bak
2021-03-28/level1_PRODB1_3575_1_fnvqtg38.bak
2021-03-28/level1_PRODB1_3574_1_fmvqtg2p.bak
2021-03-28/level1_PRODB1_3573_1_flvqtg2p.bak
2021-03-28/level1_PRODB1_3572_1_fkvqtg2p.bak
2021-03-28/level1_PRODB1_3571_1_fjvqtg2p.bak
2021-03-28/archivelog_PRODB1_3576_1_fovqtg3p.bak
2021-03-28/archivelog_PRODB1_3570_1_fivqtfvi.bak
2021-03-28/archivelog_PRODB1_3569_1_fhvqtfvi.bak
2021-03-28/archivelog_PRODB1_3568_1_fgvqtfvi.bak
2021-03-28/archivelog_PRODB1_3567_1_ffvqtfvh.bak
2021-03-27/level1_PRODB1_3564_1_fcvqqrns.bak
2021-03-27/level1_PRODB1_3563_1_fbvqqrmo.bak
2021-03-27/level1_PRODB1_3562_1_favqqrmo.bak
2021-03-27/level1_PRODB1_3561_1_f9vqqrmo.bak
2021-03-27/level1_PRODB1_3560_1_f8vqqrmn.bak
2021-03-27/archivelog_PRODB1_3565_1_fdvqqro0.bak
2021-03-27/archivelog_PRODB1_3559_1_f7vqqrjg.bak
2021-03-27/archivelog_PRODB1_3558_1_f6vqqrjg.bak
2021-03-27/archivelog_PRODB1_3557_1_f5vqqrjg.bak
2021-03-27/archivelog_PRODB1_3556_1_f4vqqrjg.bak
2021-03-26/DATA_level0_PRODB1_3550_9_euvqo7cm.bak
2021-03-26/DATA_level0_PRODB1_3550_8_euvqo7cm.bak
2021-03-26/DATA_level0_PRODB1_3550_7_euvqo7cm.bak
2021-03-26/DATA_level0_PRODB1_3550_6_euvqo7cm.bak
2021-03-26/DATA_level0_PRODB1_3550_5_euvqo7cm.bak
2021-03-26/DATA_level0_PRODB1_3550_4_euvqo7cm.bak
2021-03-26/DATA_level0_PRODB1_3550_3_euvqo7cm.bak
2021-03-26/DATA_level0_PRODB1_3550_2_euvqo7cm.bak
2021-03-26/DATA_level0_PRODB1_3550_1_euvqo7cm.bak
2021-03-26/DATA_level0_PRODB1_3550_11_euvqo7cm.bak
2021-03-26/DATA_level0_PRODB1_3550_10_euvqo7cm.bak
2021-03-26/DATA_level0_PRODB1_3549_7_etvqo7cm.bak
2021-03-26/DATA_level0_PRODB1_3549_6_etvqo7cm.bak
2021-03-26/DATA_level0_PRODB1_3549_5_etvqo7cm.bak
2021-03-26/DATA_level0_PRODB1_3549_4_etvqo7cm.bak
2021-03-26/DATA_level0_PRODB1_3549_3_etvqo7cm.bak
2021-03-26/DATA_level0_PRODB1_3549_2_etvqo7cm.bak
2021-03-26/DATA_level0_PRODB1_3549_1_etvqo7cm.bak
2021-03-26/DATA_level0_PRODB1_3548_7_esvqo7cm.bak
2021-03-26/DATA_level0_PRODB1_3548_6_esvqo7cm.bak
2021-03-26/DATA_level0_PRODB1_3548_5_esvqo7cm.bak
2021-03-26/DATA_level0_PRODB1_3548_4_esvqo7cm.bak
2021-03-26/DATA_level0_PRODB1_3548_3_esvqo7cm.bak
2021-03-26/DATA_level0_PRODB1_3548_2_esvqo7cm.bak
2021-03-26/DATA_level0_PRODB1_3548_1_esvqo7cm.bak
2021-03-26/DATA_level0_PRODB1_3547_9_ervqo7cl.bak
2021-03-26/DATA_level0_PRODB1_3547_8_ervqo7cl.bak
2021-03-26/DATA_level0_PRODB1_3547_7_ervqo7cl.bak
2021-03-26/DATA_level0_PRODB1_3547_6_ervqo7cl.bak
2021-03-26/DATA_level0_PRODB1_3547_5_ervqo7cl.bak
2021-03-26/DATA_level0_PRODB1_3547_4_ervqo7cl.bak
2021-03-26/DATA_level0_PRODB1_3547_3_ervqo7cl.bak
2021-03-26/DATA_level0_PRODB1_3547_2_ervqo7cl.bak
2021-03-26/DATA_level0_PRODB1_3547_1_ervqo7cl.bak
2021-03-26/DATA_level0_PRODB1_3547_13_ervqo7cl.bak
2021-03-26/DATA_level0_PRODB1_3547_12_ervqo7cl.bak
2021-03-26/DATA_level0_PRODB1_3547_11_ervqo7cl.bak
2021-03-26/DATA_level0_PRODB1_3547_10_ervqo7cl.bak
2021-03-26/archivelog_PRODB1_3554_1_f2vqok1v.bak
2021-03-26/archivelog_PRODB1_3553_1_f1vqok1v.bak
2021-03-26/archivelog_PRODB1_3552_1_f0vqok1v.bak
2021-03-25/level1_PRODB1_3540_1_ekvqlj31.bak
2021-03-25/level1_PRODB1_3539_1_ejvqlj0m.bak
2021-03-25/level1_PRODB1_3538_1_eivqlj0m.bak
2021-03-25/level1_PRODB1_3537_1_ehvqlj0m.bak
2021-03-25/level1_PRODB1_3536_1_egvqlj0l.bak
2021-03-25/archivelog_PRODB1_3541_1_elvqlj3t.bak
2021-03-25/archivelog_PRODB1_3535_1_efvqlirg.bak
2021-03-25/archivelog_PRODB1_3534_1_eevqlirg.bak
2021-03-25/archivelog_PRODB1_3533_1_edvqlirg.bak
2021-03-25/archivelog_PRODB1_3532_1_ecvqlirf.bak
2021-03-24/level1_PRODB1_3529_1_e9vqiuqc.bak
2021-03-24/level1_PRODB1_3528_1_e8vqiunn.bak
2021-03-24/level1_PRODB1_3527_1_e7vqiunn.bak
2021-03-24/level1_PRODB1_3526_1_e6vqiunn.bak
2021-03-24/level1_PRODB1_3525_1_e5vqiunn.bak
2021-03-24/archivelog_PRODB1_3530_1_eavqiur9.bak
2021-03-24/archivelog_PRODB1_3524_1_e4vqiufg.bak
2021-03-24/archivelog_PRODB1_3523_1_e3vqiufg.bak
2021-03-24/archivelog_PRODB1_3522_1_e2vqiuff.bak
2021-03-24/archivelog_PRODB1_3521_1_e1vqiuff.bak
2021-03-23/level1_PRODB1_3518_1_duvqgahs.bak
2021-03-23/level1_PRODB1_3517_1_dtvqgaes.bak
2021-03-23/level1_PRODB1_3516_1_dsvqgaes.bak
2021-03-23/level1_PRODB1_3515_1_drvqgaes.bak
2021-03-23/level1_PRODB1_3514_1_dqvqgaes.bak
2021-03-23/archivelog_PRODB1_3519_1_dvvqgam5.bak
2021-03-23/archivelog_PRODB1_3513_1_dpvqga3i.bak
2021-03-23/archivelog_PRODB1_3512_1_dovqga3i.bak
2021-03-23/archivelog_PRODB1_3511_1_dnvqga3i.bak
2021-03-23/archivelog_PRODB1_3510_1_dmvqga3h.bak
2021-03-22/level1_PRODB1_3507_1_djvqdm43.bak
2021-03-22/level1_PRODB1_3506_1_divqdm1o.bak
2021-03-22/level1_PRODB1_3505_1_dhvqdm1o.bak
2021-03-22/level1_PRODB1_3504_1_dgvqdm1n.bak
2021-03-22/level1_PRODB1_3503_1_dfvqdm1n.bak
2021-03-22/archivelog_PRODB1_3508_1_dkvqdm8f.bak
2021-03-22/archivelog_PRODB1_3502_1_devqdlnh.bak
2021-03-22/archivelog_PRODB1_3501_1_ddvqdlnh.bak
2021-03-22/archivelog_PRODB1_3500_1_dcvqdlnh.bak
2021-03-22/archivelog_PRODB1_3499_1_dbvqdlnh.bak
2021-03-21/level1_PRODB1_3496_1_d8vqb1nq.bak
2021-03-21/level1_PRODB1_3495_1_d7vqb1kr.bak
2021-03-21/level1_PRODB1_3494_1_d6vqb1kr.bak
2021-03-21/level1_PRODB1_3493_1_d5vqb1kr.bak
2021-03-21/level1_PRODB1_3492_1_d4vqb1kr.bak
2021-03-21/archivelog_PRODB1_3497_1_d9vqb1uj.bak
2021-03-21/archivelog_PRODB1_3491_1_d3vqb1bf.bak
2021-03-21/archivelog_PRODB1_3490_1_d2vqb1bf.bak
2021-03-21/archivelog_PRODB1_3489_1_d1vqb1bf.bak
2021-03-21/archivelog_PRODB1_3488_1_d0vqb1bf.bak
2021-03-20/level1_PRODB1_3485_1_ctvq8d5q.bak
2021-03-20/level1_PRODB1_3484_1_csvq8d43.bak
2021-03-20/level1_PRODB1_3483_1_crvq8d43.bak
2021-03-20/level1_PRODB1_3482_1_cqvq8d43.bak
2021-03-20/level1_PRODB1_3481_1_cpvq8d43.bak
2021-03-20/archivelog_PRODB1_3486_1_cuvq8d9p.bak
2021-03-20/archivelog_PRODB1_3480_1_covq8cvf.bak
2021-03-20/archivelog_PRODB1_3479_1_cnvq8cvf.bak
2021-03-20/archivelog_PRODB1_3478_1_cmvq8cvf.bak
2021-03-20/archivelog_PRODB1_3477_1_clvq8cvf.bak
2021-03-19/DATA_level0_PRODB1_3470_9_cevq5p1u.bak
2021-03-19/DATA_level0_PRODB1_3470_8_cevq5p1u.bak
2021-03-19/DATA_level0_PRODB1_3470_7_cevq5p1u.bak
2021-03-19/DATA_level0_PRODB1_3470_6_cevq5p1u.bak
2021-03-19/DATA_level0_PRODB1_3470_5_cevq5p1u.bak
2021-03-19/DATA_level0_PRODB1_3470_4_cevq5p1u.bak
2021-03-19/DATA_level0_PRODB1_3470_3_cevq5p1u.bak
2021-03-19/DATA_level0_PRODB1_3470_2_cevq5p1u.bak
2021-03-19/DATA_level0_PRODB1_3470_1_cevq5p1u.bak
2021-03-19/DATA_level0_PRODB1_3470_11_cevq5p1u.bak
2021-03-19/DATA_level0_PRODB1_3470_10_cevq5p1u.bak
2021-03-19/DATA_level0_PRODB1_3469_7_cdvq5p1u.bak
2021-03-19/DATA_level0_PRODB1_3469_6_cdvq5p1u.bak
2021-03-19/DATA_level0_PRODB1_3469_5_cdvq5p1u.bak
2021-03-19/DATA_level0_PRODB1_3469_4_cdvq5p1u.bak
2021-03-19/DATA_level0_PRODB1_3469_3_cdvq5p1u.bak
2021-03-19/DATA_level0_PRODB1_3469_2_cdvq5p1u.bak
2021-03-19/DATA_level0_PRODB1_3469_1_cdvq5p1u.bak
2021-03-19/DATA_level0_PRODB1_3468_7_ccvq5p1u.bak
2021-03-19/DATA_level0_PRODB1_3468_6_ccvq5p1u.bak
2021-03-19/DATA_level0_PRODB1_3468_5_ccvq5p1u.bak
2021-03-19/DATA_level0_PRODB1_3468_4_ccvq5p1u.bak
2021-03-19/DATA_level0_PRODB1_3468_3_ccvq5p1u.bak
2021-03-19/DATA_level0_PRODB1_3468_2_ccvq5p1u.bak
2021-03-19/DATA_level0_PRODB1_3468_1_ccvq5p1u.bak
2021-03-19/DATA_level0_PRODB1_3467_9_cbvq5p1u.bak
2021-03-19/DATA_level0_PRODB1_3467_8_cbvq5p1u.bak
2021-03-19/DATA_level0_PRODB1_3467_7_cbvq5p1u.bak
2021-03-19/DATA_level0_PRODB1_3467_6_cbvq5p1u.bak
2021-03-19/DATA_level0_PRODB1_3467_5_cbvq5p1u.bak
2021-03-19/DATA_level0_PRODB1_3467_4_cbvq5p1u.bak
2021-03-19/DATA_level0_PRODB1_3467_3_cbvq5p1u.bak
2021-03-19/DATA_level0_PRODB1_3467_2_cbvq5p1u.bak
2021-03-19/DATA_level0_PRODB1_3467_1_cbvq5p1u.bak
2021-03-19/DATA_level0_PRODB1_3467_13_cbvq5p1u.bak
2021-03-19/DATA_level0_PRODB1_3467_12_cbvq5p1u.bak
2021-03-19/DATA_level0_PRODB1_3467_11_cbvq5p1u.bak
2021-03-19/DATA_level0_PRODB1_3467_10_cbvq5p1u.bak
2021-03-19/archivelog_PRODB1_3475_1_cjvq6ecc.bak
2021-03-19/archivelog_PRODB1_3474_1_civq6ecc.bak
2021-03-19/archivelog_PRODB1_3473_1_chvq6ecc.bak
2021-03-19/archivelog_PRODB1_3472_1_cgvq6ecc.bak
rman_validate_v2.sh
rman_validate.sh
rman_full_back_to_r.sh
rman_full_back_to_r1.sh
rman_full_back.sh
rman_back.sh
rman_back_nomaintenance.sh
log/prodb2_validate_2021-04-01.log
log/prodb2_validate_2021-03-31.log
log/prodb2_validate_2021-03-30.log
log/prodb2_validate_2021-03-29.log
log/prodb2_validate_2021-03-28.log
log/prodb2_validate_2021-03-27.log
log/prodb2_validate_2021-03-26.log
log/prodb2_validate_2021-03-25.log
log/prodb2_validate_2021-03-24.log
log/prodb2_validate_2021-03-23.log
log/prodb2_validate_2021-03-22.log
log/prodb2_validate_2021-03-21.log
log/prodb2_validate_2021-03-20.log
log/prodb2_maintenance_2021-03-26.log
log/prodb2_maintenance_2021-03-19.log
log/prodb2_level1_2021-04-01.log
log/prodb2_level1_2021-03-31.log
log/prodb2_level1_2021-03-30.log
log/prodb2_level1_2021-03-29.log
log/prodb2_level1_2021-03-28.log
log/prodb2_level1_2021-03-27.log
log/prodb2_level1_2021-03-25.log
log/prodb2_level1_2021-03-24.log
log/prodb2_level1_2021-03-23.log
log/prodb2_level1_2021-03-22.log
log/prodb2_level1_2021-03-21.log
log/prodb2_level1_2021-03-20.log
log/prodb2_level0_2021-03-26.log
log/prodb2_level0_2021-03-19.log
controlfile/c-3701130036-20210401-00
controlfile/c-3701130036-20210331-00
controlfile/c-3701130036-20210330-00
controlfile/c-3701130036-20210329-00
controlfile/c-3701130036-20210328-00
controlfile/c-3701130036-20210327-01
controlfile/c-3701130036-20210327-00
2021-04-01/level1_PRODB2_27323_1_lrvr81mb.bak
2021-04-01/level1_PRODB2_27322_1_lqvr81j1.bak
2021-04-01/level1_PRODB2_27321_1_lpvr81j1.bak
2021-04-01/level1_PRODB2_27320_1_lovr81j1.bak
2021-04-01/level1_PRODB2_27319_1_lnvr81j1.bak
2021-04-01/archivelog_PRODB2_27324_1_lsvr81md.bak
2021-04-01/archivelog_PRODB2_27318_1_lmvr81gv.bak
2021-04-01/archivelog_PRODB2_27317_1_llvr81fd.bak
2021-04-01/archivelog_PRODB2_27316_1_lkvr81fd.bak
2021-04-01/archivelog_PRODB2_27315_1_ljvr81fd.bak
2021-04-01/archivelog_PRODB2_27314_1_livr81fd.bak
2021-03-31/level1_PRODB2_27311_1_lfvr5ddh.bak
2021-03-31/level1_PRODB2_27310_1_levr5da8.bak
2021-03-31/level1_PRODB2_27309_1_ldvr5da7.bak
2021-03-31/level1_PRODB2_27308_1_lcvr5da7.bak
2021-03-31/level1_PRODB2_27307_1_lbvr5da7.bak
2021-03-31/archivelog_PRODB2_27312_1_lgvr5ddj.bak
2021-03-31/archivelog_PRODB2_27306_1_lavr5d3e.bak
2021-03-31/archivelog_PRODB2_27305_1_l9vr5d3e.bak
2021-03-31/archivelog_PRODB2_27304_1_l8vr5d3e.bak
2021-03-31/archivelog_PRODB2_27303_1_l7vr5d3e.bak
2021-03-30/level1_PRODB2_27300_1_l4vr2ou2.bak
2021-03-30/level1_PRODB2_27299_1_l3vr2oqf.bak
2021-03-30/level1_PRODB2_27298_1_l2vr2oqf.bak
2021-03-30/level1_PRODB2_27297_1_l1vr2oqf.bak
2021-03-30/level1_PRODB2_27296_1_l0vr2oqf.bak
2021-03-30/archivelog_PRODB2_27301_1_l5vr2ou5.bak
2021-03-30/archivelog_PRODB2_27295_1_kvvr2ool.bak
2021-03-30/archivelog_PRODB2_27294_1_kuvr2ond.bak
2021-03-30/archivelog_PRODB2_27293_1_ktvr2ond.bak
2021-03-30/archivelog_PRODB2_27292_1_ksvr2ond.bak
2021-03-30/archivelog_PRODB2_27291_1_krvr2ond.bak
2021-03-29/level1_PRODB2_27288_1_kovr04i4.bak
2021-03-29/level1_PRODB2_27287_1_knvr04f4.bak
2021-03-29/level1_PRODB2_27286_1_kmvr04f4.bak
2021-03-29/level1_PRODB2_27285_1_klvr04f4.bak
2021-03-29/level1_PRODB2_27284_1_kkvr04f4.bak
2021-03-29/archivelog_PRODB2_27289_1_kpvr04i8.bak
2021-03-29/archivelog_PRODB2_27283_1_kjvr04be.bak
2021-03-29/archivelog_PRODB2_27282_1_kivr04bd.bak
2021-03-29/archivelog_PRODB2_27281_1_khvr04bd.bak
2021-03-29/archivelog_PRODB2_27280_1_kgvr04bd.bak
2021-03-28/level1_PRODB2_27277_1_kdvqtg53.bak
2021-03-28/level1_PRODB2_27276_1_kcvqtg32.bak
2021-03-28/level1_PRODB2_27275_1_kbvqtg32.bak
2021-03-28/level1_PRODB2_27274_1_kavqtg32.bak
2021-03-28/level1_PRODB2_27273_1_k9vqtg32.bak
2021-03-28/archivelog_PRODB2_27278_1_kevqtg68.bak
2021-03-28/archivelog_PRODB2_27272_1_k8vqtfvd.bak
2021-03-28/archivelog_PRODB2_27271_1_k7vqtfvd.bak
2021-03-28/archivelog_PRODB2_27270_1_k6vqtfvd.bak
2021-03-28/archivelog_PRODB2_27269_1_k5vqtfvd.bak
2021-03-27/level1_PRODB2_27266_1_k2vqqrp9.bak
2021-03-27/level1_PRODB2_27265_1_k1vqqrmk.bak
2021-03-27/level1_PRODB2_27264_1_k0vqqrmk.bak
2021-03-27/level1_PRODB2_27263_1_jvvqqrmk.bak
2021-03-27/level1_PRODB2_27262_1_juvqqrmj.bak
2021-03-27/archivelog_PRODB2_27267_1_k3vqqrpb.bak
2021-03-27/archivelog_PRODB2_27261_1_jtvqqrje.bak
2021-03-27/archivelog_PRODB2_27260_1_jsvqqrje.bak
2021-03-27/archivelog_PRODB2_27259_1_jrvqqrje.bak
2021-03-27/archivelog_PRODB2_27258_1_jqvqqrje.bak
2021-03-26/DATA_level0_PRODB2_27251_6_jjvqo7ai.bak
2021-03-26/DATA_level0_PRODB2_27251_5_jjvqo7ai.bak
2021-03-26/DATA_level0_PRODB2_27251_4_jjvqo7ai.bak
2021-03-26/DATA_level0_PRODB2_27251_3_jjvqo7ai.bak
2021-03-26/DATA_level0_PRODB2_27251_2_jjvqo7ai.bak
2021-03-26/DATA_level0_PRODB2_27251_1_jjvqo7ai.bak
2021-03-26/DATA_level0_PRODB2_27250_6_jivqo7ai.bak
2021-03-26/DATA_level0_PRODB2_27250_5_jivqo7ai.bak
2021-03-26/DATA_level0_PRODB2_27250_4_jivqo7ai.bak
2021-03-26/DATA_level0_PRODB2_27250_3_jivqo7ai.bak
2021-03-26/DATA_level0_PRODB2_27250_2_jivqo7ai.bak
2021-03-26/DATA_level0_PRODB2_27250_1_jivqo7ai.bak
2021-03-26/DATA_level0_PRODB2_27249_7_jhvqo7ai.bak
2021-03-26/DATA_level0_PRODB2_27249_6_jhvqo7ai.bak
2021-03-26/DATA_level0_PRODB2_27249_5_jhvqo7ai.bak
2021-03-26/DATA_level0_PRODB2_27249_4_jhvqo7ai.bak
2021-03-26/DATA_level0_PRODB2_27249_3_jhvqo7ai.bak
2021-03-26/DATA_level0_PRODB2_27249_2_jhvqo7ai.bak
2021-03-26/DATA_level0_PRODB2_27249_1_jhvqo7ai.bak
2021-03-26/DATA_level0_PRODB2_27248_8_jgvqo7ai.bak
2021-03-26/DATA_level0_PRODB2_27248_7_jgvqo7ai.bak
2021-03-26/DATA_level0_PRODB2_27248_6_jgvqo7ai.bak
2021-03-26/DATA_level0_PRODB2_27248_5_jgvqo7ai.bak
2021-03-26/DATA_level0_PRODB2_27248_4_jgvqo7ai.bak
2021-03-26/DATA_level0_PRODB2_27248_3_jgvqo7ai.bak
2021-03-26/DATA_level0_PRODB2_27248_2_jgvqo7ai.bak
2021-03-26/DATA_level0_PRODB2_27248_1_jgvqo7ai.bak
2021-03-26/archivelog_PRODB2_27256_1_jovqodmu.bak
2021-03-26/archivelog_PRODB2_27255_1_jnvqodmu.bak
2021-03-26/archivelog_PRODB2_27254_1_jmvqodmu.bak
2021-03-26/archivelog_PRODB2_27253_1_jlvqodmu.bak
2021-03-26/archivelog_PRODB2_27247_1_jfvqo77e.bak
2021-03-26/archivelog_PRODB2_27246_1_jevqo77e.bak
2021-03-26/archivelog_PRODB2_27245_1_jdvqo77e.bak
2021-03-26/archivelog_PRODB2_27244_1_jcvqo77e.bak
2021-03-25/level1_PRODB2_27241_1_j9vqlj2u.bak
2021-03-25/level1_PRODB2_27240_1_j8vqlivv.bak
2021-03-25/level1_PRODB2_27239_1_j7vqlivv.bak
2021-03-25/level1_PRODB2_27238_1_j6vqlivv.bak
2021-03-25/level1_PRODB2_27237_1_j5vqlivv.bak
2021-03-25/archivelog_PRODB2_27242_1_javqlj30.bak
2021-03-25/archivelog_PRODB2_27236_1_j4vqlitj.bak
2021-03-25/archivelog_PRODB2_27235_1_j3vqlire.bak
2021-03-25/archivelog_PRODB2_27234_1_j2vqlire.bak
2021-03-25/archivelog_PRODB2_27233_1_j1vqlire.bak
2021-03-25/archivelog_PRODB2_27232_1_j0vqlire.bak
2021-03-24/level1_PRODB2_27229_1_itvqium3.bak
2021-03-24/level1_PRODB2_27228_1_isvqiuje.bak
2021-03-24/level1_PRODB2_27227_1_irvqiuje.bak
2021-03-24/level1_PRODB2_27226_1_iqvqiuje.bak
2021-03-24/level1_PRODB2_27225_1_ipvqiuje.bak
2021-03-24/archivelog_PRODB2_27230_1_iuvqiumk.bak
2021-03-24/archivelog_PRODB2_27224_1_iovqiugp.bak
2021-03-24/archivelog_PRODB2_27223_1_invqiufe.bak
2021-03-24/archivelog_PRODB2_27222_1_imvqiufe.bak
2021-03-24/archivelog_PRODB2_27221_1_ilvqiufd.bak
2021-03-24/archivelog_PRODB2_27220_1_ikvqiufd.bak
2021-03-23/level1_PRODB2_27217_1_ihvqgafm.bak
2021-03-23/level1_PRODB2_27216_1_igvqgabp.bak
2021-03-23/level1_PRODB2_27215_1_ifvqgabp.bak
2021-03-23/level1_PRODB2_27214_1_ievqgabp.bak
2021-03-23/level1_PRODB2_27213_1_idvqgabp.bak
2021-03-23/archivelog_PRODB2_27218_1_iivqgag7.bak
2021-03-23/archivelog_PRODB2_27212_1_icvqga4o.bak
2021-03-23/archivelog_PRODB2_27211_1_ibvqga3e.bak
2021-03-23/archivelog_PRODB2_27210_1_iavqga3e.bak
2021-03-23/archivelog_PRODB2_27209_1_i9vqga3e.bak
2021-03-23/archivelog_PRODB2_27208_1_i8vqga3e.bak
2021-03-22/level1_PRODB2_27205_1_i5vqdluf.bak
2021-03-22/level1_PRODB2_27204_1_i4vqdlpt.bak
2021-03-22/level1_PRODB2_27203_1_i3vqdlpt.bak
2021-03-22/level1_PRODB2_27202_1_i2vqdlpt.bak
2021-03-22/level1_PRODB2_27201_1_i1vqdlpt.bak
2021-03-22/archivelog_PRODB2_27206_1_i6vqdlv9.bak
2021-03-22/archivelog_PRODB2_27200_1_i0vqdlpi.bak
2021-03-22/archivelog_PRODB2_27199_1_hvvqdlne.bak
2021-03-22/archivelog_PRODB2_27198_1_huvqdlne.bak
2021-03-22/archivelog_PRODB2_27197_1_htvqdlne.bak
2021-03-22/archivelog_PRODB2_27196_1_hsvqdlnd.bak
2021-03-21/level1_PRODB2_27193_1_hpvqb1st.bak
2021-03-21/level1_PRODB2_27192_1_hovqb1p0.bak
2021-03-21/level1_PRODB2_27191_1_hnvqb1p0.bak
2021-03-21/level1_PRODB2_27190_1_hmvqb1ov.bak
2021-03-21/level1_PRODB2_27189_1_hlvqb1ov.bak
2021-03-21/archivelog_PRODB2_27194_1_hqvqb1tg.bak
2021-03-21/archivelog_PRODB2_27188_1_hkvqb1kf.bak
2021-03-21/archivelog_PRODB2_27187_1_hjvqb1bg.bak
2021-03-21/archivelog_PRODB2_27186_1_hivqb1bg.bak
2021-03-21/archivelog_PRODB2_27185_1_hhvqb1bg.bak
2021-03-21/archivelog_PRODB2_27184_1_hgvqb1bg.bak
2021-03-20/level1_PRODB2_27181_1_hdvq8d98.bak
2021-03-20/level1_PRODB2_27180_1_hcvq8d5u.bak
2021-03-20/level1_PRODB2_27179_1_hbvq8d5u.bak
2021-03-20/level1_PRODB2_27178_1_havq8d5u.bak
2021-03-20/level1_PRODB2_27177_1_h9vq8d5u.bak
2021-03-20/archivelog_PRODB2_27182_1_hevq8d9a.bak
2021-03-20/archivelog_PRODB2_27176_1_h8vq8cve.bak
2021-03-20/archivelog_PRODB2_27175_1_h7vq8cve.bak
2021-03-20/archivelog_PRODB2_27174_1_h6vq8cve.bak
2021-03-20/archivelog_PRODB2_27173_1_h5vq8cve.bak
2021-03-19/DATA_level0_PRODB2_27166_6_guvq5oqd.bak
2021-03-19/DATA_level0_PRODB2_27166_5_guvq5oqd.bak
2021-03-19/DATA_level0_PRODB2_27166_4_guvq5oqd.bak
2021-03-19/DATA_level0_PRODB2_27166_3_guvq5oqd.bak
2021-03-19/DATA_level0_PRODB2_27166_2_guvq5oqd.bak
2021-03-19/DATA_level0_PRODB2_27166_1_guvq5oqd.bak
2021-03-19/DATA_level0_PRODB2_27165_6_gtvq5oqd.bak
2021-03-19/DATA_level0_PRODB2_27165_5_gtvq5oqd.bak
2021-03-19/DATA_level0_PRODB2_27165_4_gtvq5oqd.bak
2021-03-19/DATA_level0_PRODB2_27165_3_gtvq5oqd.bak
2021-03-19/DATA_level0_PRODB2_27165_2_gtvq5oqd.bak
2021-03-19/DATA_level0_PRODB2_27165_1_gtvq5oqd.bak
2021-03-19/DATA_level0_PRODB2_27164_7_gsvq5oqd.bak
2021-03-19/DATA_level0_PRODB2_27164_6_gsvq5oqd.bak
2021-03-19/DATA_level0_PRODB2_27164_5_gsvq5oqd.bak
2021-03-19/DATA_level0_PRODB2_27164_4_gsvq5oqd.bak
2021-03-19/DATA_level0_PRODB2_27164_3_gsvq5oqd.bak
2021-03-19/DATA_level0_PRODB2_27164_2_gsvq5oqd.bak
2021-03-19/DATA_level0_PRODB2_27164_1_gsvq5oqd.bak
2021-03-19/DATA_level0_PRODB2_27163_8_grvq5oqd.bak
2021-03-19/DATA_level0_PRODB2_27163_7_grvq5oqd.bak
2021-03-19/DATA_level0_PRODB2_27163_6_grvq5oqd.bak
2021-03-19/DATA_level0_PRODB2_27163_5_grvq5oqd.bak
2021-03-19/DATA_level0_PRODB2_27163_4_grvq5oqd.bak
2021-03-19/DATA_level0_PRODB2_27163_3_grvq5oqd.bak
2021-03-19/DATA_level0_PRODB2_27163_2_grvq5oqd.bak
2021-03-19/DATA_level0_PRODB2_27163_1_grvq5oqd.bak
2021-03-19/archivelog_PRODB2_27171_1_h3vq687e.bak
2021-03-19/archivelog_PRODB2_27170_1_h2vq687e.bak
2021-03-19/archivelog_PRODB2_27169_1_h1vq687e.bak
2021-03-19/archivelog_PRODB2_27168_1_h0vq687e.bak
2021-03-19/archivelog_PRODB2_27162_1_gqvq5ol7.bak
2021-03-19/archivelog_PRODB2_27161_1_gpvq5ojd.bak
2021-03-19/archivelog_PRODB2_27160_1_govq5ojd.bak
2021-03-19/archivelog_PRODB2_27159_1_gnvq5ojd.bak
2021-03-19/archivelog_PRODB2_27158_1_gmvq5ojd.bak
expdp_prodb2_20210402040001.log
expdp_prodb2_20210402040001_03.dmp
expdp_prodb2_20210402040001_02.dmp
expdp_prodb2_20210402040001_01.dmp
expdp_prodb2_20210401040001.log
expdp_prodb2_20210401040001_03.dmp
expdp_prodb2_20210401040001_02.dmp
expdp_prodb2_20210401040001_01.dmp
expdp_prodb2_20210331040001.log
expdp_prodb2_20210331040001_03.dmp
expdp_prodb2_20210331040001_02.dmp
expdp_prodb2_20210331040001_01.dmp
expdp_prodb2_20210330040001.log
expdp_prodb2_20210330040001_03.dmp
expdp_prodb2_20210330040001_02.dmp
expdp_prodb2_20210330040001_01.dmp
expdp_prodb2_20210329040002.log
expdp_prodb2_20210329040002_03.dmp
expdp_prodb2_20210329040002_02.dmp
expdp_prodb2_20210329040002_01.dmp
